"pop" "pop_type" "day" "num_fixed_basal" "num_fixed_major_minor" "ratio"
"500" 101 "wt" 300 0 11 0
"538" 101 "wt" 400 0 20 0
"580" 101 "wt" 500 0 107 0
"670" 101 "wt" 700 0 81 0
"379" 101 "wt" 800 1 264 0.00377358490566038
"434" 101 "wt" 900 8 117 0.064
"487" 102 "del_mutL_srlD" 300 0 35 0
"154" 102 "del_mutL_srlD" 400 1 25 0.0384615384615385
"213" 102 "del_mutL_srlD" 500 1 43 0.0227272727272727
"615" 102 "del_mutL_srlD" 600 0 38 0
"303" 102 "del_mutL_srlD" 700 1 102 0.00970873786407767
"358" 102 "del_mutL_srlD" 800 9 168 0.0508474576271186
"415" 102 "del_mutL_srlD" 900 44 112 0.282051282051282
"1" 103 "del_araBAD" 200 1 0 1
"465" 103 "del_araBAD" 300 0 2 0
"504" 103 "del_araBAD" 400 0 4 0
"584" 103 "del_araBAD" 600 0 1 0
"636" 103 "del_araBAD" 700 0 6 0
"322" 103 "del_araBAD" 800 2 13 0.133333333333333
"389" 103 "del_araBAD" 900 5 11 0.3125
"89" 104 "del_mutL" 300 2 36 0.0526315789473684
"508" 104 "del_mutL" 400 0 7 0
"552" 104 "del_mutL" 500 0 39 0
"595" 104 "del_mutL" 600 0 72 0
"280" 104 "del_mutL" 700 1 158 0.00628930817610063
"330" 104 "del_mutL" 800 5 225 0.0217391304347826
"395" 104 "del_mutL" 900 28 132 0.175
"494" 105 "del_srlD" 300 0 2 0
"220" 105 "del_srlD" 500 1 20 0.0476190476190476
"252" 105 "del_srlD" 600 2 19 0.0952380952380952
"661" 105 "del_srlD" 700 0 32 0
"703" 105 "del_srlD" 800 0 22 0
"741" 105 "del_srlD" 900 0 188 0
"22" 106 "del_mutL_araBAD" 200 3 0 1
"478" 106 "del_mutL_araBAD" 300 0 30 0
"516" 106 "del_mutL_araBAD" 400 0 27 0
"558" 106 "del_mutL_araBAD" 500 0 63 0
"604" 106 "del_mutL_araBAD" 600 0 33 0
"290" 106 "del_mutL_araBAD" 700 2 30 0.0625
"345" 106 "del_mutL_araBAD" 800 16 81 0.164948453608247
"403" 106 "del_mutL_araBAD" 900 7 51 0.120689655172414
"488" 107 "del_mutL_srlD" 300 0 27 0
"525" 107 "del_mutL_srlD" 400 0 4 0
"566" 107 "del_mutL_srlD" 500 0 15 0
"616" 107 "del_mutL_srlD" 600 0 1 0
"655" 107 "del_mutL_srlD" 700 0 127 0
"698" 107 "del_mutL_srlD" 800 0 132 0
"416" 107 "del_mutL_srlD" 900 15 165 0.0833333333333333
"2" 108 "del_araBAD" 200 2 0 1
"585" 108 "del_araBAD" 600 0 4 0
"637" 108 "del_araBAD" 700 0 7 0
"677" 108 "del_araBAD" 800 0 3 0
"720" 108 "del_araBAD" 900 0 4 0
"469" 109 "del_mutL" 300 0 17 0
"509" 109 "del_mutL" 400 0 23 0
"553" 109 "del_mutL" 500 0 37 0
"596" 109 "del_mutL" 600 0 72 0
"647" 109 "del_mutL" 700 0 203 0
"331" 109 "del_mutL" 800 5 308 0.0159744408945687
"396" 109 "del_mutL" 900 13 229 0.0537190082644628
"495" 110 "del_srlD" 300 0 14 0
"159" 110 "del_srlD" 400 1 30 0.032258064516129
"574" 110 "del_srlD" 500 0 17 0
"624" 110 "del_srlD" 600 0 5 0
"662" 110 "del_srlD" 700 0 24 0
"704" 110 "del_srlD" 800 0 62 0
"427" 110 "del_srlD" 900 1 51 0.0192307692307692
"23" 111 "del_mutL_araBAD" 200 2 0 1
"479" 111 "del_mutL_araBAD" 300 0 20 0
"517" 111 "del_mutL_araBAD" 400 0 14 0
"205" 111 "del_mutL_araBAD" 500 1 7 0.125
"605" 111 "del_mutL_araBAD" 600 0 135 0
"653" 111 "del_mutL_araBAD" 700 0 90 0
"346" 111 "del_mutL_araBAD" 800 1 44 0.0222222222222222
"404" 111 "del_mutL_araBAD" 900 3 119 0.0245901639344262
"539" 113 "wt" 400 0 10 0
"581" 113 "wt" 500 0 3 0
"256" 113 "wt" 600 21 5 0.807692307692308
"671" 113 "wt" 700 0 20 0
"713" 113 "wt" 800 0 43 0
"745" 113 "wt" 900 0 40 0
"35" 114 "del_mutL_srlD" 200 2 0 1
"489" 114 "del_mutL_srlD" 300 0 48 0
"526" 114 "del_mutL_srlD" 400 0 6 0
"567" 114 "del_mutL_srlD" 500 0 9 0
"617" 114 "del_mutL_srlD" 600 0 43 0
"304" 114 "del_mutL_srlD" 700 1 172 0.00578034682080925
"359" 114 "del_mutL_srlD" 800 29 169 0.146464646464646
"545" 115 "del_araBAD" 500 0 3 0
"586" 115 "del_araBAD" 600 0 2 0
"638" 115 "del_araBAD" 700 0 2 0
"323" 115 "del_araBAD" 800 1 33 0.0294117647058824
"721" 115 "del_araBAD" 900 0 69 0
"470" 116 "del_mutL" 300 0 100 0
"510" 116 "del_mutL" 400 0 12 0
"554" 116 "del_mutL" 500 0 37 0
"597" 116 "del_mutL" 600 0 5 0
"648" 116 "del_mutL" 700 0 77 0
"686" 116 "del_mutL" 800 0 296 0
"728" 116 "del_mutL" 900 0 9 0
"496" 117 "del_srlD" 300 0 5 0
"575" 117 "del_srlD" 500 0 73 0
"663" 117 "del_srlD" 700 0 43 0
"705" 117 "del_srlD" 800 0 224 0
"480" 118 "del_mutL_araBAD" 300 0 27 0
"518" 118 "del_mutL_araBAD" 400 0 120 0
"559" 118 "del_mutL_araBAD" 500 0 109 0
"606" 118 "del_mutL_araBAD" 600 0 31 0
"654" 118 "del_mutL_araBAD" 700 0 134 0
"691" 118 "del_mutL_araBAD" 800 0 115 0
"36" 119 "del_mutL_srlD" 200 3 0 1
"490" 119 "del_mutL_srlD" 300 0 42 0
"527" 119 "del_mutL_srlD" 400 0 76 0
"568" 119 "del_mutL_srlD" 500 0 41 0
"618" 119 "del_mutL_srlD" 600 0 38 0
"305" 119 "del_mutL_srlD" 700 1 111 0.00892857142857143
"360" 119 "del_mutL_srlD" 800 2 155 0.0127388535031847
"417" 119 "del_mutL_srlD" 900 38 357 0.0962025316455696
"3" 120 "del_araBAD" 200 1 0 1
"466" 120 "del_araBAD" 300 0 3 0
"139" 120 "del_araBAD" 400 1 7 0.125
"546" 120 "del_araBAD" 500 0 5 0
"587" 120 "del_araBAD" 600 0 4 0
"639" 120 "del_araBAD" 700 0 2 0
"678" 120 "del_araBAD" 800 0 12 0
"722" 120 "del_araBAD" 900 0 25 0
"471" 121 "del_mutL" 300 0 23 0
"555" 121 "del_mutL" 500 0 32 0
"236" 121 "del_mutL" 600 1 43 0.0227272727272727
"649" 121 "del_mutL" 700 0 1 0
"687" 121 "del_mutL" 800 0 12 0
"729" 121 "del_mutL" 900 0 15 0
"481" 123 "del_mutL_araBAD" 300 0 31 0
"519" 123 "del_mutL_araBAD" 400 0 6 0
"560" 123 "del_mutL_araBAD" 500 0 103 0
"607" 123 "del_mutL_araBAD" 600 0 114 0
"291" 123 "del_mutL_araBAD" 700 1 240 0.004149377593361
"692" 123 "del_mutL_araBAD" 800 0 107 0
"405" 123 "del_mutL_araBAD" 900 5 179 0.0271739130434783
"112" 124 "wt" 300 1 0 1
"315" 124 "wt" 700 1 0 1
"380" 124 "wt" 800 1 0 1
"54" 201 "wt" 200 3 0 1
"501" 201 "wt" 300 0 1 0
"631" 201 "wt" 600 0 3 0
"672" 201 "wt" 700 0 13 0
"714" 201 "wt" 800 0 15 0
"746" 201 "wt" 900 0 31 0
"491" 202 "del_mutL_srlD" 300 0 58 0
"528" 202 "del_mutL_srlD" 400 0 51 0
"569" 202 "del_mutL_srlD" 500 0 115 0
"619" 202 "del_mutL_srlD" 600 0 28 0
"306" 202 "del_mutL_srlD" 700 1 114 0.00869565217391304
"699" 202 "del_mutL_srlD" 800 0 503 0
"418" 202 "del_mutL_srlD" 900 63 655 0.0877437325905292
"4" 203 "del_araBAD" 200 6 0 1
"191" 203 "del_araBAD" 500 1 0 1
"588" 203 "del_araBAD" 600 0 3 0
"640" 203 "del_araBAD" 700 0 26 0
"679" 203 "del_araBAD" 800 0 8 0
"390" 203 "del_araBAD" 900 2 18 0.1
"90" 204 "del_mutL" 300 7 21 0.25
"511" 204 "del_mutL" 400 0 38 0
"195" 204 "del_mutL" 500 6 36 0.142857142857143
"598" 204 "del_mutL" 600 0 708 0
"281" 204 "del_mutL" 700 1 212 0.00469483568075117
"688" 204 "del_mutL" 800 0 122 0
"730" 204 "del_mutL" 900 0 63 0
"45" 205 "del_srlD" 200 2 0 1
"497" 205 "del_srlD" 300 0 10 0
"576" 205 "del_srlD" 500 0 28 0
"625" 205 "del_srlD" 600 0 55 0
"664" 205 "del_srlD" 700 0 18 0
"706" 205 "del_srlD" 800 0 46 0
"742" 205 "del_srlD" 900 0 53 0
"24" 206 "del_mutL_araBAD" 200 1 0 1
"96" 206 "del_mutL_araBAD" 300 2 146 0.0135135135135135
"520" 206 "del_mutL_araBAD" 400 0 17 0
"561" 206 "del_mutL_araBAD" 500 0 20 0
"608" 206 "del_mutL_araBAD" 600 0 108 0
"292" 206 "del_mutL_araBAD" 700 1 152 0.0065359477124183
"693" 206 "del_mutL_araBAD" 800 0 202 0
"736" 206 "del_mutL_araBAD" 900 0 111 0
"37" 207 "del_mutL_srlD" 200 11 0 1
"492" 207 "del_mutL_srlD" 300 0 33 0
"155" 207 "del_mutL_srlD" 400 1 93 0.0106382978723404
"570" 207 "del_mutL_srlD" 500 0 144 0
"620" 207 "del_mutL_srlD" 600 0 49 0
"656" 207 "del_mutL_srlD" 700 0 105 0
"361" 207 "del_mutL_srlD" 800 3 306 0.00970873786407767
"419" 207 "del_mutL_srlD" 900 48 434 0.0995850622406639
"14" 209 "del_mutL" 200 1 0 1
"91" 209 "del_mutL" 300 2 32 0.0588235294117647
"144" 209 "del_mutL" 400 2 9 0.181818181818182
"196" 209 "del_mutL" 500 4 18 0.181818181818182
"237" 209 "del_mutL" 600 3 17 0.15
"282" 209 "del_mutL" 700 3 80 0.036144578313253
"332" 209 "del_mutL" 800 9 215 0.0401785714285714
"397" 209 "del_mutL" 900 1 30 0.032258064516129
"46" 210 "del_srlD" 200 1 0 1
"108" 210 "del_srlD" 300 10 45 0.181818181818182
"160" 210 "del_srlD" 400 1 1 0.5
"221" 210 "del_srlD" 500 8 6 0.571428571428571
"626" 210 "del_srlD" 600 0 16 0
"665" 210 "del_srlD" 700 0 3 0
"371" 210 "del_srlD" 800 1 8 0.111111111111111
"428" 210 "del_srlD" 900 1 22 0.0434782608695652
"206" 211 "del_mutL_araBAD" 500 2 384 0.00518134715025907
"609" 211 "del_mutL_araBAD" 600 0 473 0
"293" 211 "del_mutL_araBAD" 700 3 413 0.00721153846153846
"347" 211 "del_mutL_araBAD" 800 3 167 0.0176470588235294
"406" 211 "del_mutL_araBAD" 900 14 286 0.0466666666666667
"55" 212 "wt" 200 2 0 1
"502" 212 "wt" 300 0 2 0
"582" 212 "wt" 500 0 1 0
"257" 212 "wt" 600 5 3 0.625
"673" 212 "wt" 700 0 12 0
"381" 212 "wt" 800 1 9 0.1
"747" 212 "wt" 900 0 15 0
"56" 213 "wt" 200 1 0 1
"503" 213 "wt" 300 0 3 0
"227" 213 "wt" 500 4 0 1
"316" 213 "wt" 700 1 0 1
"715" 213 "wt" 800 0 20 0
"748" 213 "wt" 900 0 41 0
"38" 214 "del_mutL_srlD" 200 13 0 1
"100" 214 "del_mutL_srlD" 300 1 107 0.00925925925925926
"529" 214 "del_mutL_srlD" 400 0 48 0
"214" 214 "del_mutL_srlD" 500 1 44 0.0222222222222222
"247" 214 "del_mutL_srlD" 600 2 139 0.0141843971631206
"657" 214 "del_mutL_srlD" 700 0 73 0
"362" 214 "del_mutL_srlD" 800 6 292 0.0201342281879195
"420" 214 "del_mutL_srlD" 900 39 103 0.274647887323944
"5" 215 "del_araBAD" 200 1 0 1
"472" 216 "del_mutL" 300 0 157 0
"512" 216 "del_mutL" 400 0 20 0
"197" 216 "del_mutL" 500 1 115 0.00862068965517241
"599" 216 "del_mutL" 600 0 107 0
"283" 216 "del_mutL" 700 1 240 0.004149377593361
"333" 216 "del_mutL" 800 2 150 0.0131578947368421
"398" 216 "del_mutL" 900 4 86 0.0444444444444444
"47" 217 "del_srlD" 200 3 0 1
"498" 217 "del_srlD" 300 0 61 0
"535" 217 "del_srlD" 400 0 80 0
"577" 217 "del_srlD" 500 0 21 0
"627" 217 "del_srlD" 600 0 227 0
"707" 217 "del_srlD" 800 0 125 0
"429" 217 "del_srlD" 900 13 77 0.144444444444444
"25" 218 "del_mutL_araBAD" 200 5 0 1
"482" 218 "del_mutL_araBAD" 300 0 59 0
"521" 218 "del_mutL_araBAD" 400 0 40 0
"562" 218 "del_mutL_araBAD" 500 0 172 0
"610" 218 "del_mutL_araBAD" 600 0 142 0
"694" 218 "del_mutL_araBAD" 800 0 157 0
"407" 218 "del_mutL_araBAD" 900 14 120 0.104477611940299
"39" 219 "del_mutL_srlD" 200 1 0 1
"493" 219 "del_mutL_srlD" 300 0 54 0
"530" 219 "del_mutL_srlD" 400 0 28 0
"571" 219 "del_mutL_srlD" 500 0 47 0
"621" 219 "del_mutL_srlD" 600 0 72 0
"363" 219 "del_mutL_srlD" 800 5 575 0.00862068965517241
"421" 219 "del_mutL_srlD" 900 69 333 0.171641791044776
"6" 220 "del_araBAD" 200 3 0 1
"467" 220 "del_araBAD" 300 0 8 0
"505" 220 "del_araBAD" 400 0 2 0
"192" 220 "del_araBAD" 500 2 2 0.5
"234" 220 "del_araBAD" 600 1 5 0.166666666666667
"680" 220 "del_araBAD" 800 0 10 0
"723" 220 "del_araBAD" 900 0 9 0
"15" 221 "del_mutL" 200 15 0 1
"473" 221 "del_mutL" 300 0 9 0
"513" 221 "del_mutL" 400 0 5 0
"198" 221 "del_mutL" 500 4 7 0.363636363636364
"600" 221 "del_mutL" 600 0 32 0
"650" 221 "del_mutL" 700 0 328 0
"334" 221 "del_mutL" 800 3 391 0.00761421319796954
"399" 221 "del_mutL" 900 57 191 0.229838709677419
"48" 222 "del_srlD" 200 4 0 1
"499" 222 "del_srlD" 300 0 3 0
"536" 222 "del_srlD" 400 0 2 0
"628" 222 "del_srlD" 600 0 21 0
"666" 222 "del_srlD" 700 0 3 0
"708" 222 "del_srlD" 800 0 59 0
"26" 223 "del_mutL_araBAD" 200 4 0 1
"483" 223 "del_mutL_araBAD" 300 0 145 0
"563" 223 "del_mutL_araBAD" 500 0 44 0
"611" 223 "del_mutL_araBAD" 600 0 54 0
"294" 223 "del_mutL_araBAD" 700 1 186 0.0053475935828877
"695" 223 "del_mutL_araBAD" 800 0 279 0
"408" 223 "del_mutL_araBAD" 900 74 567 0.115444617784711
"57" 301 "wt" 200 4 0 1
"113" 301 "wt" 300 1 6 0.142857142857143
"540" 301 "wt" 400 0 48 0
"228" 301 "wt" 500 4 11 0.266666666666667
"632" 301 "wt" 600 0 2 0
"674" 301 "wt" 700 0 2 0
"716" 301 "wt" 800 0 3 0
"40" 302 "del_mutL_srlD" 200 3 0 1
"101" 302 "del_mutL_srlD" 300 1 267 0.00373134328358209
"531" 302 "del_mutL_srlD" 400 0 27 0
"215" 302 "del_mutL_srlD" 500 1 286 0.00348432055749129
"248" 302 "del_mutL_srlD" 600 4 100 0.0384615384615385
"307" 302 "del_mutL_srlD" 700 25 306 0.0755287009063444
"364" 302 "del_mutL_srlD" 800 108 83 0.565445026178011
"739" 302 "del_mutL_srlD" 900 0 58 0
"7" 303 "del_araBAD" 200 1 0 1
"83" 303 "del_araBAD" 300 1 12 0.0769230769230769
"506" 303 "del_araBAD" 400 0 11 0
"547" 303 "del_araBAD" 500 0 3 0
"589" 303 "del_araBAD" 600 0 6 0
"641" 303 "del_araBAD" 700 0 20 0
"324" 303 "del_araBAD" 800 1 11 0.0833333333333333
"724" 303 "del_araBAD" 900 0 16 0
"92" 304 "del_mutL" 300 189 0 1
"145" 304 "del_mutL" 400 1 123 0.00806451612903226
"199" 304 "del_mutL" 500 1 100 0.0099009900990099
"238" 304 "del_mutL" 600 1 220 0.00452488687782805
"284" 304 "del_mutL" 700 12 429 0.0272108843537415
"335" 304 "del_mutL" 800 67 441 0.131889763779528
"731" 304 "del_mutL" 900 0 271 0
"222" 305 "del_srlD" 500 15 0 1
"253" 305 "del_srlD" 600 3 29 0.09375
"310" 305 "del_srlD" 700 1 55 0.0178571428571429
"709" 305 "del_srlD" 800 0 14 0
"743" 305 "del_srlD" 900 0 65 0
"27" 306 "del_mutL_araBAD" 200 2 0 1
"97" 306 "del_mutL_araBAD" 300 1 136 0.0072992700729927
"522" 306 "del_mutL_araBAD" 400 0 51 0
"207" 306 "del_mutL_araBAD" 500 1 123 0.00806451612903226
"612" 306 "del_mutL_araBAD" 600 0 230 0
"295" 306 "del_mutL_araBAD" 700 1 267 0.00373134328358209
"348" 306 "del_mutL_araBAD" 800 9 240 0.036144578313253
"409" 306 "del_mutL_araBAD" 900 3 1559 0.00192061459667093
"8" 308 "del_araBAD" 200 8 0 1
"84" 308 "del_araBAD" 300 1 0 1
"140" 308 "del_araBAD" 400 4 0 1
"590" 308 "del_araBAD" 600 0 15 0
"642" 308 "del_araBAD" 700 0 11 0
"681" 308 "del_araBAD" 800 0 6 0
"725" 308 "del_araBAD" 900 0 4 0
"16" 309 "del_mutL" 200 1 0 1
"93" 309 "del_mutL" 300 9 0 1
"146" 309 "del_mutL" 400 22 0 1
"200" 309 "del_mutL" 500 22 0 1
"239" 309 "del_mutL" 600 5 0 1
"285" 309 "del_mutL" 700 43 0 1
"336" 309 "del_mutL" 800 351 0 1
"732" 309 "del_mutL" 900 0 139 0
"161" 310 "del_srlD" 400 5 0 1
"223" 310 "del_srlD" 500 13 0 1
"667" 310 "del_srlD" 700 0 93 0
"372" 310 "del_srlD" 800 2 12 0.142857142857143
"744" 310 "del_srlD" 900 0 55 0
"28" 311 "del_mutL_araBAD" 200 3 0 1
"523" 311 "del_mutL_araBAD" 400 0 246 0
"564" 311 "del_mutL_araBAD" 500 0 272 0
"242" 311 "del_mutL_araBAD" 600 2 199 0.00995024875621891
"296" 311 "del_mutL_araBAD" 700 4 414 0.00956937799043062
"349" 311 "del_mutL_araBAD" 800 23 413 0.0527522935779817
"410" 311 "del_mutL_araBAD" 900 9 220 0.0393013100436681
"58" 312 "wt" 200 3 0 1
"114" 312 "wt" 300 4 0 1
"167" 312 "wt" 400 1 0 1
"229" 312 "wt" 500 3 0 1
"317" 312 "wt" 700 1 0 1
"382" 312 "wt" 800 1 8 0.111111111111111
"749" 312 "wt" 900 0 5 0
"59" 313 "wt" 200 9 0 1
"115" 313 "wt" 300 1 4 0.2
"541" 313 "wt" 400 0 1 0
"583" 313 "wt" 500 0 11 0
"258" 313 "wt" 600 1 6 0.142857142857143
"318" 313 "wt" 700 1 0 1
"383" 313 "wt" 800 1 11 0.0833333333333333
"750" 313 "wt" 900 0 20 0
"41" 314 "del_mutL_srlD" 200 297 0 1
"102" 314 "del_mutL_srlD" 300 16 0 1
"156" 314 "del_mutL_srlD" 400 16 0 1
"216" 314 "del_mutL_srlD" 500 53 0 1
"249" 314 "del_mutL_srlD" 600 19 93 0.169642857142857
"365" 314 "del_mutL_srlD" 800 7 156 0.0429447852760736
"422" 314 "del_mutL_srlD" 900 18 181 0.0904522613065327
"9" 315 "del_araBAD" 200 3 0 1
"85" 315 "del_araBAD" 300 3 13 0.1875
"507" 315 "del_araBAD" 400 0 1 0
"548" 315 "del_araBAD" 500 0 3 0
"591" 315 "del_araBAD" 600 0 6 0
"643" 315 "del_araBAD" 700 0 12 0
"325" 315 "del_araBAD" 800 1 17 0.0555555555555556
"726" 315 "del_araBAD" 900 0 14 0
"17" 316 "del_mutL" 200 9 0 1
"474" 316 "del_mutL" 300 0 418 0
"514" 316 "del_mutL" 400 0 109 0
"556" 316 "del_mutL" 500 0 177 0
"240" 316 "del_mutL" 600 1 231 0.00431034482758621
"651" 316 "del_mutL" 700 0 274 0
"337" 316 "del_mutL" 800 129 196 0.396923076923077
"733" 316 "del_mutL" 900 0 307 0
"162" 317 "del_srlD" 400 9 0 1
"224" 317 "del_srlD" 500 2 0 1
"629" 317 "del_srlD" 600 0 7 0
"311" 317 "del_srlD" 700 2 46 0.0416666666666667
"710" 317 "del_srlD" 800 0 10 0
"29" 318 "del_mutL_araBAD" 200 73 0 1
"484" 318 "del_mutL_araBAD" 300 0 210 0
"150" 318 "del_mutL_araBAD" 400 2 187 0.0105820105820106
"208" 318 "del_mutL_araBAD" 500 1 239 0.00416666666666667
"243" 318 "del_mutL_araBAD" 600 1 117 0.00847457627118644
"297" 318 "del_mutL_araBAD" 700 6 284 0.0206896551724138
"350" 318 "del_mutL_araBAD" 800 49 166 0.227906976744186
"411" 318 "del_mutL_araBAD" 900 8 188 0.0408163265306122
"103" 319 "del_mutL_srlD" 300 245 0 1
"157" 319 "del_mutL_srlD" 400 5 7 0.416666666666667
"217" 319 "del_mutL_srlD" 500 19 5 0.791666666666667
"250" 319 "del_mutL_srlD" 600 1 0 1
"658" 319 "del_mutL_srlD" 700 0 550 0
"366" 319 "del_mutL_srlD" 800 7 142 0.0469798657718121
"423" 319 "del_mutL_srlD" 900 105 376 0.218295218295218
"10" 320 "del_araBAD" 200 4 0 1
"468" 320 "del_araBAD" 300 0 2 0
"549" 320 "del_araBAD" 500 0 3 0
"592" 320 "del_araBAD" 600 0 3 0
"644" 320 "del_araBAD" 700 0 10 0
"682" 320 "del_araBAD" 800 0 1 0
"727" 320 "del_araBAD" 900 0 5 0
"475" 321 "del_mutL" 300 0 232 0
"147" 321 "del_mutL" 400 20 71 0.21978021978022
"201" 321 "del_mutL" 500 1 345 0.00289017341040462
"601" 321 "del_mutL" 600 0 271 0
"286" 321 "del_mutL" 700 1 214 0.00465116279069767
"338" 321 "del_mutL" 800 24 163 0.128342245989305
"400" 321 "del_mutL" 900 1 1528 0.00065402223675605
"49" 322 "del_srlD" 200 5 0 1
"537" 322 "del_srlD" 400 0 10 0
"578" 322 "del_srlD" 500 0 10 0
"630" 322 "del_srlD" 600 0 1 0
"668" 322 "del_srlD" 700 0 3 0
"711" 322 "del_srlD" 800 0 2 0
"30" 323 "del_mutL_araBAD" 200 29 0 1
"98" 323 "del_mutL_araBAD" 300 5 263 0.0186567164179104
"209" 323 "del_mutL_araBAD" 500 2 213 0.00930232558139535
"613" 323 "del_mutL_araBAD" 600 0 333 0
"298" 323 "del_mutL_araBAD" 700 8 321 0.0243161094224924
"351" 323 "del_mutL_araBAD" 800 72 223 0.24406779661017
"737" 323 "del_mutL_araBAD" 900 0 24 0
"60" 324 "wt" 200 3 0 1
"168" 324 "wt" 400 11 0 1
"230" 324 "wt" 500 4 0 1
"259" 324 "wt" 600 3 0 1
"675" 324 "wt" 700 0 13 0
"717" 324 "wt" 800 0 4 0
"751" 324 "wt" 900 0 2 0
"61" 401 "wt" 200 11 0 1
"116" 401 "wt" 300 6 0 1
"169" 401 "wt" 400 3 0 1
"231" 401 "wt" 500 4 0 1
"633" 401 "wt" 600 0 15 0
"676" 401 "wt" 700 0 12 0
"718" 401 "wt" 800 0 6 0
"752" 401 "wt" 900 0 18 0
"42" 402 "del_mutL_srlD" 200 50 0 1
"104" 402 "del_mutL_srlD" 300 20 0 1
"158" 402 "del_mutL_srlD" 400 3 0 1
"218" 402 "del_mutL_srlD" 500 43 0 1
"251" 402 "del_mutL_srlD" 600 53 1 0.981481481481482
"308" 402 "del_mutL_srlD" 700 1 4 0.2
"700" 402 "del_mutL_srlD" 800 0 3 0
"424" 402 "del_mutL_srlD" 900 7 200 0.0338164251207729
"86" 403 "del_araBAD" 300 16 0 1
"141" 403 "del_araBAD" 400 1 6 0.142857142857143
"550" 403 "del_araBAD" 500 0 23 0
"278" 403 "del_araBAD" 700 1 32 0.0303030303030303
"683" 403 "del_araBAD" 800 0 24 0
"391" 403 "del_araBAD" 900 1 53 0.0185185185185185
"18" 404 "del_mutL" 200 28 0 1
"476" 404 "del_mutL" 300 0 40 0
"515" 404 "del_mutL" 400 0 14 0
"557" 404 "del_mutL" 500 0 145 0
"241" 404 "del_mutL" 600 1 203 0.00490196078431373
"287" 404 "del_mutL" 700 1 58 0.0169491525423729
"339" 404 "del_mutL" 800 3 351 0.00847457627118644
"734" 404 "del_mutL" 900 0 150 0
"50" 405 "del_srlD" 200 7 0 1
"109" 405 "del_srlD" 300 6 10 0.375
"163" 405 "del_srlD" 400 4 0 1
"312" 405 "del_srlD" 700 3 0 1
"373" 405 "del_srlD" 800 5 113 0.0423728813559322
"430" 405 "del_srlD" 900 16 147 0.098159509202454
"31" 406 "del_mutL_araBAD" 200 36 0 1
"99" 406 "del_mutL_araBAD" 300 9 11 0.45
"151" 406 "del_mutL_araBAD" 400 5 28 0.151515151515152
"565" 406 "del_mutL_araBAD" 500 0 40 0
"244" 406 "del_mutL_araBAD" 600 4 45 0.0816326530612245
"299" 406 "del_mutL_araBAD" 700 9 231 0.0375
"352" 406 "del_mutL_araBAD" 800 9 170 0.0502793296089385
"738" 406 "del_mutL_araBAD" 900 0 9 0
"43" 407 "del_mutL_srlD" 200 24 0 1
"105" 407 "del_mutL_srlD" 300 4 28 0.125
"532" 407 "del_mutL_srlD" 400 0 11 0
"219" 407 "del_mutL_srlD" 500 4 15 0.210526315789474
"659" 407 "del_mutL_srlD" 700 0 61 0
"367" 407 "del_mutL_srlD" 800 1 189 0.00526315789473684
"425" 407 "del_mutL_srlD" 900 6 142 0.0405405405405405
"11" 408 "del_araBAD" 200 4 0 1
"551" 408 "del_araBAD" 500 0 85 0
"593" 408 "del_araBAD" 600 0 26 0
"645" 408 "del_araBAD" 700 0 49 0
"684" 408 "del_araBAD" 800 0 74 0
"392" 408 "del_araBAD" 900 2 166 0.0119047619047619
"19" 409 "del_mutL" 200 32 0 1
"477" 409 "del_mutL" 300 0 55 0
"202" 409 "del_mutL" 500 2 34 0.0555555555555556
"602" 409 "del_mutL" 600 0 39 0
"288" 409 "del_mutL" 700 2 68 0.0285714285714286
"340" 409 "del_mutL" 800 1 107 0.00925925925925926
"401" 409 "del_mutL" 900 17 60 0.220779220779221
"51" 410 "del_srlD" 200 2 0 1
"110" 410 "del_srlD" 300 14 15 0.482758620689655
"164" 410 "del_srlD" 400 5 2 0.714285714285714
"579" 410 "del_srlD" 500 0 17 0
"313" 410 "del_srlD" 700 4 44 0.0833333333333333
"374" 410 "del_srlD" 800 15 43 0.258620689655172
"431" 410 "del_srlD" 900 59 91 0.393333333333333
"32" 411 "del_mutL_araBAD" 200 9 0 1
"152" 411 "del_mutL_araBAD" 400 1 0 1
"210" 411 "del_mutL_araBAD" 500 112 43 0.72258064516129
"245" 411 "del_mutL_araBAD" 600 14 49 0.222222222222222
"300" 411 "del_mutL_araBAD" 700 1 25 0.0384615384615385
"353" 411 "del_mutL_araBAD" 800 8 73 0.0987654320987654
"412" 411 "del_mutL_araBAD" 900 2 122 0.0161290322580645
"62" 412 "wt" 200 3 0 1
"260" 412 "wt" 600 7 0 1
"319" 412 "wt" 700 1 0 1
"435" 412 "wt" 900 2 27 0.0689655172413793
"63" 413 "wt" 200 3 0 1
"117" 413 "wt" 300 25 0 1
"232" 413 "wt" 500 35 0 1
"261" 413 "wt" 600 37 0 1
"320" 413 "wt" 700 1 2 0.333333333333333
"384" 413 "wt" 800 34 8 0.80952380952381
"436" 413 "wt" 900 306 5 0.983922829581994
"44" 414 "del_mutL_srlD" 200 22 0 1
"106" 414 "del_mutL_srlD" 300 4 7 0.363636363636364
"533" 414 "del_mutL_srlD" 400 0 23 0
"572" 414 "del_mutL_srlD" 500 0 171 0
"622" 414 "del_mutL_srlD" 600 0 212 0
"309" 414 "del_mutL_srlD" 700 1 191 0.00520833333333333
"368" 414 "del_mutL_srlD" 800 2 435 0.0045766590389016
"426" 414 "del_mutL_srlD" 900 6 402 0.0147058823529412
"12" 415 "del_araBAD" 200 7 0 1
"87" 415 "del_araBAD" 300 7 0 1
"142" 415 "del_araBAD" 400 9 0 1
"193" 415 "del_araBAD" 500 1 0 1
"235" 415 "del_araBAD" 600 46 5 0.901960784313726
"279" 415 "del_araBAD" 700 7 29 0.194444444444444
"326" 415 "del_araBAD" 800 24 99 0.195121951219512
"393" 415 "del_araBAD" 900 22 118 0.157142857142857
"20" 416 "del_mutL" 200 26 0 1
"94" 416 "del_mutL" 300 1 38 0.0256410256410256
"148" 416 "del_mutL" 400 1 28 0.0344827586206897
"203" 416 "del_mutL" 500 2 31 0.0606060606060606
"603" 416 "del_mutL" 600 0 26 0
"289" 416 "del_mutL" 700 6 22 0.214285714285714
"341" 416 "del_mutL" 800 18 72 0.2
"402" 416 "del_mutL" 900 1 1 0.5
"52" 417 "del_srlD" 200 7 0 1
"111" 417 "del_srlD" 300 12 0 1
"165" 417 "del_srlD" 400 4 0 1
"225" 417 "del_srlD" 500 1 13 0.0714285714285714
"254" 417 "del_srlD" 600 2 27 0.0689655172413793
"669" 417 "del_srlD" 700 0 35 0
"712" 417 "del_srlD" 800 0 68 0
"432" 417 "del_srlD" 900 3 104 0.0280373831775701
"33" 418 "del_mutL_araBAD" 200 22 0 1
"485" 418 "del_mutL_araBAD" 300 0 36 0
"524" 418 "del_mutL_araBAD" 400 0 17 0
"211" 418 "del_mutL_araBAD" 500 1 1 0.5
"614" 418 "del_mutL_araBAD" 600 0 139 0
"301" 418 "del_mutL_araBAD" 700 1 80 0.0123456790123457
"696" 418 "del_mutL_araBAD" 800 0 139 0
"413" 418 "del_mutL_araBAD" 900 15 338 0.0424929178470255
"107" 419 "del_mutL_srlD" 300 1 0 1
"534" 419 "del_mutL_srlD" 400 0 81 0
"573" 419 "del_mutL_srlD" 500 0 62 0
"623" 419 "del_mutL_srlD" 600 0 36 0
"660" 419 "del_mutL_srlD" 700 0 115 0
"701" 419 "del_mutL_srlD" 800 0 160 0
"740" 419 "del_mutL_srlD" 900 0 36 0
"13" 420 "del_araBAD" 200 11 0 1
"88" 420 "del_araBAD" 300 7 0 1
"143" 420 "del_araBAD" 400 6 0 1
"194" 420 "del_araBAD" 500 5 0 1
"594" 420 "del_araBAD" 600 0 40 0
"646" 420 "del_araBAD" 700 0 15 0
"327" 420 "del_araBAD" 800 4 35 0.102564102564103
"394" 420 "del_araBAD" 900 13 39 0.25
"21" 421 "del_mutL" 200 18 0 1
"95" 421 "del_mutL" 300 8 31 0.205128205128205
"149" 421 "del_mutL" 400 18 60 0.230769230769231
"204" 421 "del_mutL" 500 2 32 0.0588235294117647
"652" 421 "del_mutL" 700 0 179 0
"689" 421 "del_mutL" 800 0 88 0
"735" 421 "del_mutL" 900 0 1 0
"53" 422 "del_srlD" 200 6 0 1
"166" 422 "del_srlD" 400 4 0 1
"226" 422 "del_srlD" 500 6 0 1
"255" 422 "del_srlD" 600 1 0 1
"314" 422 "del_srlD" 700 3 0 1
"375" 422 "del_srlD" 800 29 0 1
"433" 422 "del_srlD" 900 5 0 1
"34" 423 "del_mutL_araBAD" 200 19 0 1
"486" 423 "del_mutL_araBAD" 300 0 1 0
"153" 423 "del_mutL_araBAD" 400 54 0 1
"212" 423 "del_mutL_araBAD" 500 130 22 0.855263157894737
"246" 423 "del_mutL_araBAD" 600 1 16 0.0588235294117647
"302" 423 "del_mutL_araBAD" 700 5 39 0.113636363636364
"697" 423 "del_mutL_araBAD" 800 0 197 0
"414" 423 "del_mutL_araBAD" 900 14 138 0.0921052631578947
"64" 424 "wt" 200 7 0 1
"118" 424 "wt" 300 14 0 1
"170" 424 "wt" 400 26 0 1
"233" 424 "wt" 500 30 0 1
"262" 424 "wt" 600 11 0 1
"321" 424 "wt" 700 3 14 0.176470588235294
"385" 424 "wt" 800 13 93 0.122641509433962
"437" 424 "wt" 900 6 27 0.181818181818182
"80" 501 "wt" 230 7 0 1
"135" 501 "wt" 340 2 0 1
"188" 501 "wt" 450 4 0 1
"386" 501 "wt" 800 1 0 1
"453" 501 "wt" 910 11 0 1
"76" 502 "del_mutL_srlD" 230 13 0 1
"129" 502 "del_mutL_srlD" 340 22 1 0.956521739130435
"180" 502 "del_mutL_srlD" 450 13 0 1
"369" 502 "del_mutL_srlD" 800 1 11 0.0833333333333333
"448" 502 "del_mutL_srlD" 910 17 59 0.223684210526316
"763" 502 "del_mutL_srlD" 1020 0 71 0
"65" 503 "del_araBAD" 230 4 0 1
"119" 503 "del_araBAD" 340 4 2 0.666666666666667
"542" 503 "del_araBAD" 450 0 6 0
"263" 503 "del_araBAD" 680 1 0 1
"685" 503 "del_araBAD" 800 0 89 0
"753" 503 "del_araBAD" 910 0 5 0
"69" 504 "del_mutL" 230 34 0 1
"123" 504 "del_mutL" 340 2 0 1
"173" 504 "del_mutL" 450 12 0 1
"267" 504 "del_mutL" 680 5 1 0.833333333333333
"342" 504 "del_mutL" 800 21 0 1
"441" 504 "del_mutL" 910 14 2 0.875
"760" 504 "del_mutL" 1020 0 67 0
"78" 505 "del_srlD" 230 4 0 1
"184" 505 "del_srlD" 450 10 0 1
"276" 505 "del_srlD" 680 1 0 1
"376" 505 "del_srlD" 800 6 0 1
"450" 505 "del_srlD" 910 2 0 1
"461" 505 "del_srlD" 1020 1 0 1
"73" 506 "del_mutL_araBAD" 230 3 0 1
"176" 506 "del_mutL_araBAD" 450 15 0 1
"269" 506 "del_mutL_araBAD" 680 20 58 0.256410256410256
"354" 506 "del_mutL_araBAD" 800 6 45 0.117647058823529
"754" 506 "del_mutL_araBAD" 910 0 4 0
"761" 506 "del_mutL_araBAD" 1020 0 3 0
"130" 507 "del_mutL_srlD" 340 16 69 0.188235294117647
"181" 507 "del_mutL_srlD" 450 33 11 0.75
"273" 507 "del_mutL_srlD" 680 2 196 0.0101010101010101
"66" 508 "del_araBAD" 230 4 0 1
"120" 508 "del_araBAD" 340 7 0 1
"171" 508 "del_araBAD" 450 2 0 1
"264" 508 "del_araBAD" 680 16 0 1
"438" 508 "del_araBAD" 910 15 0 1
"70" 509 "del_mutL" 230 11 0 1
"124" 509 "del_mutL" 340 34 0 1
"174" 509 "del_mutL" 450 17 0 1
"268" 509 "del_mutL" 680 4 0 1
"343" 509 "del_mutL" 800 10 0 1
"442" 509 "del_mutL" 910 13 0 1
"455" 509 "del_mutL" 1020 4 0 1
"79" 510 "del_srlD" 230 5 0 1
"133" 510 "del_srlD" 340 7 0 1
"185" 510 "del_srlD" 450 2 0 1
"277" 510 "del_srlD" 680 4 95 0.0404040404040404
"756" 510 "del_srlD" 910 0 4 0
"764" 510 "del_srlD" 1020 0 4 0
"177" 511 "del_mutL_araBAD" 450 36 0 1
"270" 511 "del_mutL_araBAD" 680 2 0 1
"355" 511 "del_mutL_araBAD" 800 23 0 1
"445" 511 "del_mutL_araBAD" 910 35 0 1
"762" 511 "del_mutL_araBAD" 1020 0 10 0
"81" 512 "wt" 230 3 0 1
"136" 512 "wt" 340 2 9 0.181818181818182
"189" 512 "wt" 450 1 0 1
"387" 512 "wt" 800 1 3 0.25
"454" 512 "wt" 910 8 12 0.4
"82" 513 "wt" 230 8 0 1
"137" 513 "wt" 340 4 1 0.8
"544" 513 "wt" 450 0 3 0
"719" 513 "wt" 800 0 1 0
"757" 513 "wt" 910 0 103 0
"463" 513 "wt" 1020 3 3 0.5
"77" 514 "del_mutL_srlD" 230 3 0 1
"131" 514 "del_mutL_srlD" 340 23 3 0.884615384615385
"182" 514 "del_mutL_srlD" 450 3 0 1
"274" 514 "del_mutL_srlD" 680 1 1 0.5
"702" 514 "del_mutL_srlD" 800 0 1 0
"755" 514 "del_mutL_srlD" 910 0 118 0
"459" 514 "del_mutL_srlD" 1020 7 12 0.368421052631579
"67" 515 "del_araBAD" 230 9 0 1
"121" 515 "del_araBAD" 340 5 159 0.0304878048780488
"543" 515 "del_araBAD" 450 0 54 0
"265" 515 "del_araBAD" 680 6 0 1
"328" 515 "del_araBAD" 800 5 0 1
"439" 515 "del_araBAD" 910 1 0 1
"758" 515 "del_araBAD" 1020 0 10 0
"71" 516 "del_mutL" 230 29 0 1
"125" 516 "del_mutL" 340 3 0 1
"175" 516 "del_mutL" 450 88 0 1
"634" 516 "del_mutL" 680 0 217 0
"344" 516 "del_mutL" 800 116 148 0.439393939393939
"443" 516 "del_mutL" 910 3 34 0.0810810810810811
"456" 516 "del_mutL" 1020 2 2 0.5
"186" 517 "del_srlD" 450 7 0 1
"377" 517 "del_srlD" 800 21 0 1
"451" 517 "del_srlD" 910 5 0 1
"74" 518 "del_mutL_araBAD" 230 13 0 1
"127" 518 "del_mutL_araBAD" 340 18 0 1
"178" 518 "del_mutL_araBAD" 450 14 0 1
"271" 518 "del_mutL_araBAD" 680 10 0 1
"356" 518 "del_mutL_araBAD" 800 11 0 1
"446" 518 "del_mutL_araBAD" 910 20 0 1
"457" 518 "del_mutL_araBAD" 1020 1 0 1
"132" 519 "del_mutL_srlD" 340 29 35 0.453125
"183" 519 "del_mutL_srlD" 450 25 3 0.892857142857143
"275" 519 "del_mutL_srlD" 680 7 3 0.7
"370" 519 "del_mutL_srlD" 800 17 12 0.586206896551724
"449" 519 "del_mutL_srlD" 910 6 46 0.115384615384615
"460" 519 "del_mutL_srlD" 1020 2 33 0.0571428571428571
"68" 520 "del_araBAD" 230 2 0 1
"122" 520 "del_araBAD" 340 4 2 0.666666666666667
"172" 520 "del_araBAD" 450 1 0 1
"266" 520 "del_araBAD" 680 2 0 1
"329" 520 "del_araBAD" 800 9 4 0.692307692307692
"440" 520 "del_araBAD" 910 11 9 0.55
"759" 520 "del_araBAD" 1020 0 4 0
"72" 521 "del_mutL" 230 5 0 1
"126" 521 "del_mutL" 340 1 0 1
"635" 521 "del_mutL" 680 0 1 0
"690" 521 "del_mutL" 800 0 12 0
"444" 521 "del_mutL" 910 8 56 0.125
"134" 522 "del_srlD" 340 5 0 1
"187" 522 "del_srlD" 450 6 0 1
"378" 522 "del_srlD" 800 8 0 1
"452" 522 "del_srlD" 910 5 0 1
"462" 522 "del_srlD" 1020 1 0 1
"75" 523 "del_mutL_araBAD" 230 3 0 1
"128" 523 "del_mutL_araBAD" 340 19 0 1
"179" 523 "del_mutL_araBAD" 450 18 0 1
"272" 523 "del_mutL_araBAD" 680 6 2 0.75
"357" 523 "del_mutL_araBAD" 800 3 24 0.111111111111111
"447" 523 "del_mutL_araBAD" 910 1 2 0.333333333333333
"458" 523 "del_mutL_araBAD" 1020 1 0 1
"138" 524 "wt" 340 4 0 1
"190" 524 "wt" 450 2 0 1
"388" 524 "wt" 800 15 0 1
"464" 524 "wt" 1020 2 0 1
